<?xml version="1.0" encoding="UTF-8" ?>
<testsuite failures="0" time="0.172" errors="0" skipped="11" tests="11" name="net.flitech.faregate.dao.FareRuleDAOImplUnitTest">
  <properties>
    <property name="java.runtime.name" value="Java(TM) SE Runtime Environment"/>
    <property name="sun.boot.library.path" value="c:\program files\jetbrains\intellij idea 10.0.1\jre\jre\bin"/>
    <property name="java.vm.version" value="17.0-b16"/>
    <property name="java.vm.vendor" value="Sun Microsystems Inc."/>
    <property name="java.vendor.url" value="http://java.sun.com/"/>
    <property name="path.separator" value=";"/>
    <property name="java.vm.name" value="Java HotSpot(TM) Client VM"/>
    <property name="file.encoding.pkg" value="sun.io"/>
    <property name="user.country" value="AU"/>
    <property name="sun.java.launcher" value="SUN_STANDARD"/>
    <property name="sun.os.patch.level" value="Service Pack 3"/>
    <property name="java.vm.specification.name" value="Java Virtual Machine Specification"/>
    <property name="user.dir" value="C:\dev\nzmentor_head\mentor\mentor-dao"/>
    <property name="java.runtime.version" value="1.6.0_21-b06"/>
    <property name="java.awt.graphicsenv" value="sun.awt.Win32GraphicsEnvironment"/>
    <property name="basedir" value="C:\dev\nzmentor_head\mentor\mentor-dao"/>
    <property name="java.endorsed.dirs" value="c:\program files\jetbrains\intellij idea 10.0.1\jre\jre\lib\endorsed"/>
    <property name="os.arch" value="x86"/>
    <property name="surefire.real.class.path" value="C:\DOCUME~1\Maggie\LOCALS~1\Temp\surefirebooter6235569123335783812.jar"/>
    <property name="java.io.tmpdir" value="C:\DOCUME~1\Maggie\LOCALS~1\Temp\"/>
    <property name="line.separator" value="
"/>
    <property name="java.vm.specification.vendor" value="Sun Microsystems Inc."/>
    <property name="user.variant" value=""/>
    <property name="os.name" value="Windows XP"/>
    <property name="sun.jnu.encoding" value="Cp1252"/>
    <property name="java.library.path" value="c:\program files\jetbrains\intellij idea 10.0.1\jre\jre\bin;.;C:\WINDOWS\Sun\Java\bin;C:\WINDOWS\system32;C:\WINDOWS;C:\Program Files\JetBrains\IntelliJ IDEA 10.0.1\bin\..\.\bin;C:\WINDOWS\system32;C:\WINDOWS;C:\WINDOWS\System32\Wbem;C:\maven\apache-maven-3.0.1\bin;C:\Program Files\Java\jdk1.6.0_22\bin;C:\Program Files\TortoiseSVN\bin;C:\dev\grails-1.3.5\bin;C:\Program Files\IDM Computer Solutions\UltraCompare\;c:\program files\jetbrains\intellij idea 10.0.1\jre\jre\bin"/>
    <property name="surefire.test.class.path" value="C:\dev\nzmentor_head\mentor\mentor-dao\target\test-classes;C:\dev\nzmentor_head\mentor\mentor-dao\target\classes;C:\Documents and Settings\Maggie\.m2\repository\com\nz\travel\mentor\mentor-core\1.0\mentor-core-1.0.jar;C:\Documents and Settings\Maggie\.m2\repository\com\nz\travel\mentor\mentor-domain\1.0\mentor-domain-1.0.jar;C:\Documents and Settings\Maggie\.m2\repository\joda-time\joda-time-hibernate\1.2\joda-time-hibernate-1.2.jar;C:\Documents and Settings\Maggie\.m2\repository\org\hibernate\hibernate-annotations\3.5.4-Final\hibernate-annotations-3.5.4-Final.jar;C:\Documents and Settings\Maggie\.m2\repository\org\hibernate\hibernate-commons-annotations\3.2.0.Final\hibernate-commons-annotations-3.2.0.Final.jar;C:\Documents and Settings\Maggie\.m2\repository\org\slf4j\slf4j-log4j12\1.5.8\slf4j-log4j12-1.5.8.jar;C:\Documents and Settings\Maggie\.m2\repository\org\slf4j\slf4j-api\1.5.8\slf4j-api-1.5.8.jar;C:\Documents and Settings\Maggie\.m2\repository\com\googlecode\ehcache-spring-annotations\ehcache-spring-annotations\1.1.2\ehcache-spring-annotations-1.1.2.jar;C:\Documents and Settings\Maggie\.m2\repository\aopalliance\aopalliance\1.0\aopalliance-1.0.jar;C:\Documents and Settings\Maggie\.m2\repository\commons-codec\commons-codec\1.4\commons-codec-1.4.jar;C:\Documents and Settings\Maggie\.m2\repository\org\springframework\spring-beans\3.0.3.RELEASE\spring-beans-3.0.3.RELEASE.jar;C:\Documents and Settings\Maggie\.m2\repository\org\springframework\spring-core\3.0.3.RELEASE\spring-core-3.0.3.RELEASE.jar;C:\Documents and Settings\Maggie\.m2\repository\org\springframework\spring-asm\3.0.3.RELEASE\spring-asm-3.0.3.RELEASE.jar;C:\Documents and Settings\Maggie\.m2\repository\org\springframework\spring-aop\3.0.3.RELEASE\spring-aop-3.0.3.RELEASE.jar;C:\Documents and Settings\Maggie\.m2\repository\net\sf\ehcache\ehcache-core\2.1.0\ehcache-core-2.1.0.jar;C:\Documents and Settings\Maggie\.m2\repository\joda-time\joda-time\1.6.2\joda-time-1.6.2.jar;C:\Documents and Settings\Maggie\.m2\repository\com\oracle\ojdbc6\11.1.0.7.0\ojdbc6-11.1.0.7.0.jar;C:\Documents and Settings\Maggie\.m2\repository\hsqldb\hsqldb\1.8.0.10\hsqldb-1.8.0.10.jar;C:\Documents and Settings\Maggie\.m2\repository\org\springframework\spring-tx\3.0.5.RELEASE\spring-tx-3.0.5.RELEASE.jar;C:\Documents and Settings\Maggie\.m2\repository\org\springframework\spring-context\3.0.5.RELEASE\spring-context-3.0.5.RELEASE.jar;C:\Documents and Settings\Maggie\.m2\repository\org\springframework\spring-expression\3.0.5.RELEASE\spring-expression-3.0.5.RELEASE.jar;C:\Documents and Settings\Maggie\.m2\repository\org\springframework\spring-jdbc\3.0.5.RELEASE\spring-jdbc-3.0.5.RELEASE.jar;C:\Documents and Settings\Maggie\.m2\repository\org\springframework\spring-test\3.0.5.RELEASE\spring-test-3.0.5.RELEASE.jar;C:\Documents and Settings\Maggie\.m2\repository\org\springframework\spring-orm\3.0.5.RELEASE\spring-orm-3.0.5.RELEASE.jar;C:\Documents and Settings\Maggie\.m2\repository\org\springframework\spring-context-support\3.0.5.RELEASE\spring-context-support-3.0.5.RELEASE.jar;C:\Documents and Settings\Maggie\.m2\repository\org\hibernate\javax\persistence\hibernate-jpa-2.0-api\1.0.0.Final\hibernate-jpa-2.0-api-1.0.0.Final.jar;C:\Documents and Settings\Maggie\.m2\repository\org\hibernate\hibernate-entitymanager\3.5.4-Final\hibernate-entitymanager-3.5.4-Final.jar;C:\Documents and Settings\Maggie\.m2\repository\org\hibernate\hibernate-core\3.5.4-Final\hibernate-core-3.5.4-Final.jar;C:\Documents and Settings\Maggie\.m2\repository\antlr\antlr\2.7.6\antlr-2.7.6.jar;C:\Documents and Settings\Maggie\.m2\repository\commons-collections\commons-collections\3.1\commons-collections-3.1.jar;C:\Documents and Settings\Maggie\.m2\repository\dom4j\dom4j\1.6.1\dom4j-1.6.1.jar;C:\Documents and Settings\Maggie\.m2\repository\xml-apis\xml-apis\1.0.b2\xml-apis-1.0.b2.jar;C:\Documents and Settings\Maggie\.m2\repository\javax\transaction\jta\1.1\jta-1.1.jar;C:\Documents and Settings\Maggie\.m2\repository\cglib\cglib\2.2\cglib-2.2.jar;C:\Documents and Settings\Maggie\.m2\repository\asm\asm\3.1\asm-3.1.jar;C:\Documents and Settings\Maggie\.m2\repository\javassist\javassist\3.9.0.GA\javassist-3.9.0.GA.jar;C:\Documents and Settings\Maggie\.m2\repository\org\hibernate\hibernate-ehcache\3.5.6-Final\hibernate-ehcache-3.5.6-Final.jar;C:\Documents and Settings\Maggie\.m2\repository\net\sf\ehcache\ehcache\1.5.0\ehcache-1.5.0.jar;C:\Documents and Settings\Maggie\.m2\repository\backport-util-concurrent\backport-util-concurrent\3.1\backport-util-concurrent-3.1.jar;C:\Documents and Settings\Maggie\.m2\repository\commons-logging\commons-logging\1.0.4\commons-logging-1.0.4.jar;C:\Documents and Settings\Maggie\.m2\repository\net\sf\jsr107cache\jsr107cache\1.0\jsr107cache-1.0.jar;C:\Documents and Settings\Maggie\.m2\repository\apache-lang\commons-lang\2.0\commons-lang-2.0.jar;C:\Documents and Settings\Maggie\.m2\repository\junit\junit\4.8.2\junit-4.8.2.jar;C:\Documents and Settings\Maggie\.m2\repository\org\hamcrest\hamcrest-all\1.1\hamcrest-all-1.1.jar;C:\Documents and Settings\Maggie\.m2\repository\log4j\log4j\1.2.16\log4j-1.2.16.jar;"/>
    <property name="java.specification.name" value="Java Platform API Specification"/>
    <property name="java.class.version" value="50.0"/>
    <property name="sun.management.compiler" value="HotSpot Client Compiler"/>
    <property name="os.version" value="5.1"/>
    <property name="user.home" value="C:\Documents and Settings\Maggie"/>
    <property name="user.timezone" value=""/>
    <property name="java.awt.printerjob" value="sun.awt.windows.WPrinterJob"/>
    <property name="java.specification.version" value="1.6"/>
    <property name="file.encoding" value="Cp1252"/>
    <property name="user.name" value="Maggie"/>
    <property name="java.class.path" value="C:\dev\nzmentor_head\mentor\mentor-dao\target\test-classes;C:\dev\nzmentor_head\mentor\mentor-dao\target\classes;C:\Documents and Settings\Maggie\.m2\repository\com\nz\travel\mentor\mentor-core\1.0\mentor-core-1.0.jar;C:\Documents and Settings\Maggie\.m2\repository\com\nz\travel\mentor\mentor-domain\1.0\mentor-domain-1.0.jar;C:\Documents and Settings\Maggie\.m2\repository\joda-time\joda-time-hibernate\1.2\joda-time-hibernate-1.2.jar;C:\Documents and Settings\Maggie\.m2\repository\org\hibernate\hibernate-annotations\3.5.4-Final\hibernate-annotations-3.5.4-Final.jar;C:\Documents and Settings\Maggie\.m2\repository\org\hibernate\hibernate-commons-annotations\3.2.0.Final\hibernate-commons-annotations-3.2.0.Final.jar;C:\Documents and Settings\Maggie\.m2\repository\org\slf4j\slf4j-log4j12\1.5.8\slf4j-log4j12-1.5.8.jar;C:\Documents and Settings\Maggie\.m2\repository\org\slf4j\slf4j-api\1.5.8\slf4j-api-1.5.8.jar;C:\Documents and Settings\Maggie\.m2\repository\com\googlecode\ehcache-spring-annotations\ehcache-spring-annotations\1.1.2\ehcache-spring-annotations-1.1.2.jar;C:\Documents and Settings\Maggie\.m2\repository\aopalliance\aopalliance\1.0\aopalliance-1.0.jar;C:\Documents and Settings\Maggie\.m2\repository\commons-codec\commons-codec\1.4\commons-codec-1.4.jar;C:\Documents and Settings\Maggie\.m2\repository\org\springframework\spring-beans\3.0.3.RELEASE\spring-beans-3.0.3.RELEASE.jar;C:\Documents and Settings\Maggie\.m2\repository\org\springframework\spring-core\3.0.3.RELEASE\spring-core-3.0.3.RELEASE.jar;C:\Documents and Settings\Maggie\.m2\repository\org\springframework\spring-asm\3.0.3.RELEASE\spring-asm-3.0.3.RELEASE.jar;C:\Documents and Settings\Maggie\.m2\repository\org\springframework\spring-aop\3.0.3.RELEASE\spring-aop-3.0.3.RELEASE.jar;C:\Documents and Settings\Maggie\.m2\repository\net\sf\ehcache\ehcache-core\2.1.0\ehcache-core-2.1.0.jar;C:\Documents and Settings\Maggie\.m2\repository\joda-time\joda-time\1.6.2\joda-time-1.6.2.jar;C:\Documents and Settings\Maggie\.m2\repository\com\oracle\ojdbc6\11.1.0.7.0\ojdbc6-11.1.0.7.0.jar;C:\Documents and Settings\Maggie\.m2\repository\hsqldb\hsqldb\1.8.0.10\hsqldb-1.8.0.10.jar;C:\Documents and Settings\Maggie\.m2\repository\org\springframework\spring-tx\3.0.5.RELEASE\spring-tx-3.0.5.RELEASE.jar;C:\Documents and Settings\Maggie\.m2\repository\org\springframework\spring-context\3.0.5.RELEASE\spring-context-3.0.5.RELEASE.jar;C:\Documents and Settings\Maggie\.m2\repository\org\springframework\spring-expression\3.0.5.RELEASE\spring-expression-3.0.5.RELEASE.jar;C:\Documents and Settings\Maggie\.m2\repository\org\springframework\spring-jdbc\3.0.5.RELEASE\spring-jdbc-3.0.5.RELEASE.jar;C:\Documents and Settings\Maggie\.m2\repository\org\springframework\spring-test\3.0.5.RELEASE\spring-test-3.0.5.RELEASE.jar;C:\Documents and Settings\Maggie\.m2\repository\org\springframework\spring-orm\3.0.5.RELEASE\spring-orm-3.0.5.RELEASE.jar;C:\Documents and Settings\Maggie\.m2\repository\org\springframework\spring-context-support\3.0.5.RELEASE\spring-context-support-3.0.5.RELEASE.jar;C:\Documents and Settings\Maggie\.m2\repository\org\hibernate\javax\persistence\hibernate-jpa-2.0-api\1.0.0.Final\hibernate-jpa-2.0-api-1.0.0.Final.jar;C:\Documents and Settings\Maggie\.m2\repository\org\hibernate\hibernate-entitymanager\3.5.4-Final\hibernate-entitymanager-3.5.4-Final.jar;C:\Documents and Settings\Maggie\.m2\repository\org\hibernate\hibernate-core\3.5.4-Final\hibernate-core-3.5.4-Final.jar;C:\Documents and Settings\Maggie\.m2\repository\antlr\antlr\2.7.6\antlr-2.7.6.jar;C:\Documents and Settings\Maggie\.m2\repository\commons-collections\commons-collections\3.1\commons-collections-3.1.jar;C:\Documents and Settings\Maggie\.m2\repository\dom4j\dom4j\1.6.1\dom4j-1.6.1.jar;C:\Documents and Settings\Maggie\.m2\repository\xml-apis\xml-apis\1.0.b2\xml-apis-1.0.b2.jar;C:\Documents and Settings\Maggie\.m2\repository\javax\transaction\jta\1.1\jta-1.1.jar;C:\Documents and Settings\Maggie\.m2\repository\cglib\cglib\2.2\cglib-2.2.jar;C:\Documents and Settings\Maggie\.m2\repository\asm\asm\3.1\asm-3.1.jar;C:\Documents and Settings\Maggie\.m2\repository\javassist\javassist\3.9.0.GA\javassist-3.9.0.GA.jar;C:\Documents and Settings\Maggie\.m2\repository\org\hibernate\hibernate-ehcache\3.5.6-Final\hibernate-ehcache-3.5.6-Final.jar;C:\Documents and Settings\Maggie\.m2\repository\net\sf\ehcache\ehcache\1.5.0\ehcache-1.5.0.jar;C:\Documents and Settings\Maggie\.m2\repository\backport-util-concurrent\backport-util-concurrent\3.1\backport-util-concurrent-3.1.jar;C:\Documents and Settings\Maggie\.m2\repository\commons-logging\commons-logging\1.0.4\commons-logging-1.0.4.jar;C:\Documents and Settings\Maggie\.m2\repository\net\sf\jsr107cache\jsr107cache\1.0\jsr107cache-1.0.jar;C:\Documents and Settings\Maggie\.m2\repository\apache-lang\commons-lang\2.0\commons-lang-2.0.jar;C:\Documents and Settings\Maggie\.m2\repository\junit\junit\4.8.2\junit-4.8.2.jar;C:\Documents and Settings\Maggie\.m2\repository\org\hamcrest\hamcrest-all\1.1\hamcrest-all-1.1.jar;C:\Documents and Settings\Maggie\.m2\repository\log4j\log4j\1.2.16\log4j-1.2.16.jar;"/>
    <property name="java.vm.specification.version" value="1.0"/>
    <property name="sun.arch.data.model" value="32"/>
    <property name="java.home" value="c:\program files\jetbrains\intellij idea 10.0.1\jre\jre"/>
    <property name="java.specification.vendor" value="Sun Microsystems Inc."/>
    <property name="user.language" value="en"/>
    <property name="awt.toolkit" value="sun.awt.windows.WToolkit"/>
    <property name="java.vm.info" value="mixed mode, sharing"/>
    <property name="java.version" value="1.6.0_21"/>
    <property name="java.ext.dirs" value="c:\program files\jetbrains\intellij idea 10.0.1\jre\jre\lib\ext;C:\WINDOWS\Sun\Java\lib\ext"/>
    <property name="sun.boot.class.path" value="c:\program files\jetbrains\intellij idea 10.0.1\jre\jre\lib\resources.jar;c:\program files\jetbrains\intellij idea 10.0.1\jre\jre\lib\rt.jar;c:\program files\jetbrains\intellij idea 10.0.1\jre\jre\lib\sunrsasign.jar;c:\program files\jetbrains\intellij idea 10.0.1\jre\jre\lib\jsse.jar;c:\program files\jetbrains\intellij idea 10.0.1\jre\jre\lib\jce.jar;c:\program files\jetbrains\intellij idea 10.0.1\jre\jre\lib\charsets.jar;c:\program files\jetbrains\intellij idea 10.0.1\jre\jre\classes"/>
    <property name="java.vendor" value="Sun Microsystems Inc."/>
    <property name="localRepository" value="C:\Documents and Settings\Maggie\.m2\repository"/>
    <property name="file.separator" value="\"/>
    <property name="java.vendor.url.bug" value="http://java.sun.com/cgi-bin/bugreport.cgi"/>
    <property name="sun.cpu.endian" value="little"/>
    <property name="sun.io.unicode.encoding" value="UnicodeLittle"/>
    <property name="sun.desktop" value="windows"/>
    <property name="sun.cpu.isalist" value=""/>
  </properties>
  <testcase time="0" classname="net.flitech.faregate.dao.FareRuleDAOImplUnitTest" name="testThrowsIllegalArgumentExceptionFindingRulesBy_AirlineOnly">
    <skipped/>
  </testcase>
  <testcase time="0" classname="net.flitech.faregate.dao.FareRuleDAOImplUnitTest" name="testThrowsIllegalArgumentExceptionFindingRulesBy_TravelDepartureDateOnly">
    <skipped/>
  </testcase>
  <testcase time="0" classname="net.flitech.faregate.dao.FareRuleDAOImplUnitTest" name="testSucceedsFindingRulesBy_Airline_DepartureDate27July">
    <skipped/>
  </testcase>
  <testcase time="0" classname="net.flitech.faregate.dao.FareRuleDAOImplUnitTest" name="testSucceedsFindingRulesBy_Airline_DepartureDate27July_FareBasisCode">
    <skipped/>
  </testcase>
  <testcase time="0" classname="net.flitech.faregate.dao.FareRuleDAOImplUnitTest" name="testSucceedsFindingRulesBy_Airline_DepartureDate27July_FareBasisCode_ClassCode">
    <skipped/>
  </testcase>
  <testcase time="0" classname="net.flitech.faregate.dao.FareRuleDAOImplUnitTest" name="testSucceedsFindingRulesBy_Airline_DepartureDate28July_FareBasisCode">
    <skipped/>
  </testcase>
  <testcase time="0" classname="net.flitech.faregate.dao.FareRuleDAOImplUnitTest" name="testSucceedsFindingRulesBy_Airline_DepartureDate3August_FareBasisCode">
    <skipped/>
  </testcase>
  <testcase time="0" classname="net.flitech.faregate.dao.FareRuleDAOImplUnitTest" name="testSucceedsFindingRulesBy_Airline_DepartureDate27July_ClassCode">
    <skipped/>
  </testcase>
  <testcase time="0" classname="net.flitech.faregate.dao.FareRuleDAOImplUnitTest" name="testSucceedsFindingNoRulesBy_InvalidAirline">
    <skipped/>
  </testcase>
  <testcase time="0" classname="net.flitech.faregate.dao.FareRuleDAOImplUnitTest" name="testSucceedsFindingNoRulesBy_InvalidFareBasisCode">
    <skipped/>
  </testcase>
  <testcase time="0" classname="net.flitech.faregate.dao.FareRuleDAOImplUnitTest" name="testSucceedsFindingNoRulesBy_InvalidClassCode">
    <skipped/>
  </testcase>
</testsuite>